<?xml version="1.0" encoding="UTF-8"?>
<!-- Generated by org.testng.reporters.JUnitReportReporter -->
<testsuite hostname="Jitender" name="pkg1.Node2" tests="1" failures="0" timestamp="7 Jan 2019 10:25:28 GMT" time="45.517" errors="0">
  <testcase name="tc2" time="45.517" classname="pkg1.Node2"/>
</testsuite> <!-- pkg1.Node2 -->
