<?xml version="1.0" encoding="UTF-8"?>
<!-- Generated by org.testng.reporters.JUnitReportReporter -->
<testsuite hostname="Jitender" name="pkg1.Node1" tests="1" failures="0" timestamp="7 Jan 2019 10:25:28 GMT" time="39.598" errors="0">
  <testcase name="tc1" time="39.598" classname="pkg1.Node1"/>
</testsuite> <!-- pkg1.Node1 -->
